2014-06-11 16:58:29,095  INFO main Version:<clinit>:37 - HCANN000001: Hibernate Commons Annotations {4.0.2.Final}
2014-06-11 16:58:29,103  INFO main Version:logVersion:41 - HHH000412: Hibernate Core {4.2.2.Final}
2014-06-11 16:58:29,105  INFO main Environment:<clinit>:239 - HHH000206: hibernate.properties not found
2014-06-11 16:58:29,106  INFO main Environment:buildBytecodeProvider:342 - HHH000021: Bytecode provider name : javassist
2014-06-11 16:58:29,125  INFO main Configuration:configure:1985 - HHH000043: Configuring from resource: /hibernate.cfg.xml
2014-06-11 16:58:29,125  INFO main Configuration:getConfigurationInputStream:2004 - HHH000040: Configuration resource: /hibernate.cfg.xml
2014-06-11 16:58:29,144  WARN main DTDEntityResolver:resolveEntity:74 - HHH000223: Recognized obsolete hibernate namespace http://hibernate.sourceforge.net/. Use namespace http://www.hibernate.org/dtd/ instead. Refer to Hibernate 3.6 Migration Guide!
2014-06-11 16:58:29,178  INFO main Configuration:doConfigure:2126 - HHH000041: Configured SessionFactory: null
2014-06-11 16:58:29,213  INFO main DriverManagerConnectionProviderImpl:configure:98 - HHH000402: Using Hibernate built-in connection pool (not for production use!)
2014-06-11 16:58:29,213  INFO main DriverManagerConnectionProviderImpl:configure:134 - HHH000115: Hibernate connection pool size: 20
2014-06-11 16:58:29,213  INFO main DriverManagerConnectionProviderImpl:configure:137 - HHH000006: Autocommit mode: false
2014-06-11 16:58:29,214  INFO main DriverManagerConnectionProviderImpl:configure:151 - HHH000401: using driver [org.h2.Driver] at URL [jdbc:h2:mem:tcp://localhost:9123/~/test]
2014-06-11 16:58:29,214  INFO main DriverManagerConnectionProviderImpl:configure:156 - HHH000046: Connection properties: {user=sa, password=****}
2014-06-11 16:58:29,257  INFO main Dialect:<init>:130 - HHH000400: Using dialect: org.hibernate.dialect.MySQLDialect
2014-06-11 16:58:29,465  INFO main TransactionFactoryInitiator:initiateService:68 - HHH000399: Using default transaction strategy (direct JDBC transactions)
2014-06-11 16:58:29,470  INFO main ASTQueryTranslatorFactory:<init>:48 - HHH000397: Using ASTQueryTranslatorFactory
2014-06-11 16:58:29,512  INFO main Version:<clinit>:27 - HV000001: Hibernate Validator 5.0.1.Final
2014-06-11 17:00:37,098  INFO main Version:<clinit>:37 - HCANN000001: Hibernate Commons Annotations {4.0.2.Final}
2014-06-11 17:00:37,105  INFO main Version:logVersion:41 - HHH000412: Hibernate Core {4.2.2.Final}
2014-06-11 17:00:37,107  INFO main Environment:<clinit>:239 - HHH000206: hibernate.properties not found
2014-06-11 17:00:37,108  INFO main Environment:buildBytecodeProvider:342 - HHH000021: Bytecode provider name : javassist
2014-06-11 17:00:37,125  INFO main Configuration:configure:1985 - HHH000043: Configuring from resource: /hibernate.cfg.xml
2014-06-11 17:00:37,126  INFO main Configuration:getConfigurationInputStream:2004 - HHH000040: Configuration resource: /hibernate.cfg.xml
2014-06-11 17:00:37,145  WARN main DTDEntityResolver:resolveEntity:74 - HHH000223: Recognized obsolete hibernate namespace http://hibernate.sourceforge.net/. Use namespace http://www.hibernate.org/dtd/ instead. Refer to Hibernate 3.6 Migration Guide!
2014-06-11 17:00:37,169  INFO main Configuration:doConfigure:2126 - HHH000041: Configured SessionFactory: null
2014-06-11 17:00:37,202  INFO main DriverManagerConnectionProviderImpl:configure:98 - HHH000402: Using Hibernate built-in connection pool (not for production use!)
2014-06-11 17:00:37,203  INFO main DriverManagerConnectionProviderImpl:configure:134 - HHH000115: Hibernate connection pool size: 20
2014-06-11 17:00:37,203  INFO main DriverManagerConnectionProviderImpl:configure:137 - HHH000006: Autocommit mode: false
2014-06-11 17:00:37,203  INFO main DriverManagerConnectionProviderImpl:configure:151 - HHH000401: using driver [org.h2.Driver] at URL [jdbc:h2:mem:tcp://localhost:9123/~/test]
2014-06-11 17:00:37,204  INFO main DriverManagerConnectionProviderImpl:configure:156 - HHH000046: Connection properties: {user=sa, password=****}
2014-06-11 17:00:37,247  INFO main Dialect:<init>:130 - HHH000400: Using dialect: org.hibernate.dialect.MySQLDialect
2014-06-11 17:00:37,443  INFO main TransactionFactoryInitiator:initiateService:68 - HHH000399: Using default transaction strategy (direct JDBC transactions)
2014-06-11 17:00:37,448  INFO main ASTQueryTranslatorFactory:<init>:48 - HHH000397: Using ASTQueryTranslatorFactory
2014-06-11 17:00:37,491  INFO main Version:<clinit>:27 - HV000001: Hibernate Validator 5.0.1.Final
2014-06-11 17:03:49,333  INFO main Version:<clinit>:37 - HCANN000001: Hibernate Commons Annotations {4.0.2.Final}
2014-06-11 17:03:49,340  INFO main Version:logVersion:41 - HHH000412: Hibernate Core {4.2.2.Final}
2014-06-11 17:03:49,342  INFO main Environment:<clinit>:239 - HHH000206: hibernate.properties not found
2014-06-11 17:03:49,343  INFO main Environment:buildBytecodeProvider:342 - HHH000021: Bytecode provider name : javassist
2014-06-11 17:03:49,362  INFO main Configuration:configure:1985 - HHH000043: Configuring from resource: /hibernate.cfg.xml
2014-06-11 17:03:49,363  INFO main Configuration:getConfigurationInputStream:2004 - HHH000040: Configuration resource: /hibernate.cfg.xml
2014-06-11 17:03:49,381  WARN main DTDEntityResolver:resolveEntity:74 - HHH000223: Recognized obsolete hibernate namespace http://hibernate.sourceforge.net/. Use namespace http://www.hibernate.org/dtd/ instead. Refer to Hibernate 3.6 Migration Guide!
2014-06-11 17:03:49,406  INFO main Configuration:doConfigure:2126 - HHH000041: Configured SessionFactory: null
2014-06-11 17:03:49,440  INFO main DriverManagerConnectionProviderImpl:configure:98 - HHH000402: Using Hibernate built-in connection pool (not for production use!)
2014-06-11 17:03:49,440  INFO main DriverManagerConnectionProviderImpl:configure:134 - HHH000115: Hibernate connection pool size: 20
2014-06-11 17:03:49,440  INFO main DriverManagerConnectionProviderImpl:configure:137 - HHH000006: Autocommit mode: false
2014-06-11 17:03:49,441  INFO main DriverManagerConnectionProviderImpl:configure:151 - HHH000401: using driver [org.h2.Driver] at URL [jdbc:h2:mem:tcp://localhost:9123/~/test]
2014-06-11 17:03:49,441  INFO main DriverManagerConnectionProviderImpl:configure:156 - HHH000046: Connection properties: {user=sa, password=****}
2014-06-11 17:03:49,486  INFO main Dialect:<init>:130 - HHH000400: Using dialect: org.hibernate.dialect.MySQLDialect
2014-06-11 17:03:49,700  INFO main TransactionFactoryInitiator:initiateService:68 - HHH000399: Using default transaction strategy (direct JDBC transactions)
2014-06-11 17:03:49,704  INFO main ASTQueryTranslatorFactory:<init>:48 - HHH000397: Using ASTQueryTranslatorFactory
2014-06-11 17:03:49,747  INFO main Version:<clinit>:27 - HV000001: Hibernate Validator 5.0.1.Final
2014-06-11 17:04:38,435  INFO main Version:<clinit>:37 - HCANN000001: Hibernate Commons Annotations {4.0.2.Final}
2014-06-11 17:04:38,445  INFO main Version:logVersion:41 - HHH000412: Hibernate Core {4.2.2.Final}
2014-06-11 17:04:38,447  INFO main Environment:<clinit>:239 - HHH000206: hibernate.properties not found
2014-06-11 17:04:38,449  INFO main Environment:buildBytecodeProvider:342 - HHH000021: Bytecode provider name : javassist
2014-06-11 17:04:38,472  INFO main Configuration:configure:1985 - HHH000043: Configuring from resource: /hibernate.cfg.xml
2014-06-11 17:04:38,472  INFO main Configuration:getConfigurationInputStream:2004 - HHH000040: Configuration resource: /hibernate.cfg.xml
2014-06-11 17:04:38,498  WARN main DTDEntityResolver:resolveEntity:74 - HHH000223: Recognized obsolete hibernate namespace http://hibernate.sourceforge.net/. Use namespace http://www.hibernate.org/dtd/ instead. Refer to Hibernate 3.6 Migration Guide!
2014-06-11 17:04:38,538  INFO main Configuration:doConfigure:2126 - HHH000041: Configured SessionFactory: null
2014-06-11 17:04:38,584  INFO main DriverManagerConnectionProviderImpl:configure:98 - HHH000402: Using Hibernate built-in connection pool (not for production use!)
2014-06-11 17:04:38,585  INFO main DriverManagerConnectionProviderImpl:configure:134 - HHH000115: Hibernate connection pool size: 20
2014-06-11 17:04:38,585  INFO main DriverManagerConnectionProviderImpl:configure:137 - HHH000006: Autocommit mode: false
2014-06-11 17:04:38,585  INFO main DriverManagerConnectionProviderImpl:configure:151 - HHH000401: using driver [org.h2.Driver] at URL [jdbc:h2:mem:tcp://localhost:9123/~/test]
2014-06-11 17:04:38,586  INFO main DriverManagerConnectionProviderImpl:configure:156 - HHH000046: Connection properties: {user=sa, password=****}
2014-06-11 17:04:38,641  INFO main Dialect:<init>:130 - HHH000400: Using dialect: org.hibernate.dialect.MySQLDialect
2014-06-11 17:04:38,877  INFO main TransactionFactoryInitiator:initiateService:68 - HHH000399: Using default transaction strategy (direct JDBC transactions)
2014-06-11 17:04:38,882  INFO main ASTQueryTranslatorFactory:<init>:48 - HHH000397: Using ASTQueryTranslatorFactory
2014-06-11 17:04:38,924  INFO main Version:<clinit>:27 - HV000001: Hibernate Validator 5.0.1.Final
2014-06-11 17:09:20,374  INFO main Version:<clinit>:37 - HCANN000001: Hibernate Commons Annotations {4.0.2.Final}
2014-06-11 17:09:20,388  INFO main Version:logVersion:41 - HHH000412: Hibernate Core {4.2.2.Final}
2014-06-11 17:09:20,390  INFO main Environment:<clinit>:239 - HHH000206: hibernate.properties not found
2014-06-11 17:09:20,392  INFO main Environment:buildBytecodeProvider:342 - HHH000021: Bytecode provider name : javassist
2014-06-11 17:09:20,416  INFO main Configuration:configure:1985 - HHH000043: Configuring from resource: /hibernate.cfg.xml
2014-06-11 17:09:20,417  INFO main Configuration:getConfigurationInputStream:2004 - HHH000040: Configuration resource: /hibernate.cfg.xml
2014-06-11 17:09:20,440  WARN main DTDEntityResolver:resolveEntity:74 - HHH000223: Recognized obsolete hibernate namespace http://hibernate.sourceforge.net/. Use namespace http://www.hibernate.org/dtd/ instead. Refer to Hibernate 3.6 Migration Guide!
2014-06-11 17:09:20,479  INFO main Configuration:doConfigure:2126 - HHH000041: Configured SessionFactory: null
2014-06-11 17:09:20,518  INFO main DriverManagerConnectionProviderImpl:configure:98 - HHH000402: Using Hibernate built-in connection pool (not for production use!)
2014-06-11 17:09:20,519  INFO main DriverManagerConnectionProviderImpl:configure:134 - HHH000115: Hibernate connection pool size: 20
2014-06-11 17:09:20,519  INFO main DriverManagerConnectionProviderImpl:configure:137 - HHH000006: Autocommit mode: false
2014-06-11 17:09:20,520  INFO main DriverManagerConnectionProviderImpl:configure:151 - HHH000401: using driver [org.h2.Driver] at URL [jdbc:h2:mem:tcp://localhost:9123/~/test]
2014-06-11 17:09:20,520  INFO main DriverManagerConnectionProviderImpl:configure:156 - HHH000046: Connection properties: {user=sa, password=****}
2014-06-11 17:09:20,570  INFO main Dialect:<init>:130 - HHH000400: Using dialect: org.hibernate.dialect.MySQLDialect
2014-06-11 17:09:20,794  INFO main TransactionFactoryInitiator:initiateService:68 - HHH000399: Using default transaction strategy (direct JDBC transactions)
2014-06-11 17:09:20,798  INFO main ASTQueryTranslatorFactory:<init>:48 - HHH000397: Using ASTQueryTranslatorFactory
2014-06-11 17:09:20,842  INFO main Version:<clinit>:27 - HV000001: Hibernate Validator 5.0.1.Final
2014-06-11 17:10:22,791  INFO main Version:<clinit>:37 - HCANN000001: Hibernate Commons Annotations {4.0.2.Final}
2014-06-11 17:10:22,798  INFO main Version:logVersion:41 - HHH000412: Hibernate Core {4.2.2.Final}
2014-06-11 17:10:22,800  INFO main Environment:<clinit>:239 - HHH000206: hibernate.properties not found
2014-06-11 17:10:22,801  INFO main Environment:buildBytecodeProvider:342 - HHH000021: Bytecode provider name : javassist
2014-06-11 17:10:22,819  INFO main Configuration:configure:1985 - HHH000043: Configuring from resource: /hibernate.cfg.xml
2014-06-11 17:10:22,819  INFO main Configuration:getConfigurationInputStream:2004 - HHH000040: Configuration resource: /hibernate.cfg.xml
2014-06-11 17:10:22,838  WARN main DTDEntityResolver:resolveEntity:74 - HHH000223: Recognized obsolete hibernate namespace http://hibernate.sourceforge.net/. Use namespace http://www.hibernate.org/dtd/ instead. Refer to Hibernate 3.6 Migration Guide!
2014-06-11 17:10:22,862  INFO main Configuration:doConfigure:2126 - HHH000041: Configured SessionFactory: null
2014-06-11 17:10:22,897  INFO main DriverManagerConnectionProviderImpl:configure:98 - HHH000402: Using Hibernate built-in connection pool (not for production use!)
2014-06-11 17:10:22,897  INFO main DriverManagerConnectionProviderImpl:configure:134 - HHH000115: Hibernate connection pool size: 20
2014-06-11 17:10:22,897  INFO main DriverManagerConnectionProviderImpl:configure:137 - HHH000006: Autocommit mode: false
2014-06-11 17:10:22,898  INFO main DriverManagerConnectionProviderImpl:configure:151 - HHH000401: using driver [org.h2.Driver] at URL [jdbc:h2:mem:tcp://localhost:9123/~/test]
2014-06-11 17:10:22,898  INFO main DriverManagerConnectionProviderImpl:configure:156 - HHH000046: Connection properties: {user=sa, password=****}
2014-06-11 17:10:22,946  INFO main Dialect:<init>:130 - HHH000400: Using dialect: org.hibernate.dialect.MySQLDialect
2014-06-11 17:10:23,158  INFO main TransactionFactoryInitiator:initiateService:68 - HHH000399: Using default transaction strategy (direct JDBC transactions)
2014-06-11 17:10:23,163  INFO main ASTQueryTranslatorFactory:<init>:48 - HHH000397: Using ASTQueryTranslatorFactory
2014-06-11 17:10:23,205  INFO main Version:<clinit>:27 - HV000001: Hibernate Validator 5.0.1.Final
2014-06-11 17:21:48,221  INFO main Version:<clinit>:37 - HCANN000001: Hibernate Commons Annotations {4.0.2.Final}
2014-06-11 17:21:48,229  INFO main Version:logVersion:41 - HHH000412: Hibernate Core {4.2.2.Final}
2014-06-11 17:21:48,231  INFO main Environment:<clinit>:239 - HHH000206: hibernate.properties not found
2014-06-11 17:21:48,233  INFO main Environment:buildBytecodeProvider:342 - HHH000021: Bytecode provider name : javassist
2014-06-11 17:21:48,256  INFO main Configuration:configure:1985 - HHH000043: Configuring from resource: /hibernate.cfg.xml
2014-06-11 17:21:48,256  INFO main Configuration:getConfigurationInputStream:2004 - HHH000040: Configuration resource: /hibernate.cfg.xml
2014-06-11 17:21:48,279  WARN main DTDEntityResolver:resolveEntity:74 - HHH000223: Recognized obsolete hibernate namespace http://hibernate.sourceforge.net/. Use namespace http://www.hibernate.org/dtd/ instead. Refer to Hibernate 3.6 Migration Guide!
2014-06-11 17:21:48,321  INFO main Configuration:doConfigure:2126 - HHH000041: Configured SessionFactory: null
2014-06-11 17:21:48,364  INFO main DriverManagerConnectionProviderImpl:configure:98 - HHH000402: Using Hibernate built-in connection pool (not for production use!)
2014-06-11 17:21:48,365  INFO main DriverManagerConnectionProviderImpl:configure:134 - HHH000115: Hibernate connection pool size: 20
2014-06-11 17:21:48,365  INFO main DriverManagerConnectionProviderImpl:configure:137 - HHH000006: Autocommit mode: false
2014-06-11 17:21:48,366  INFO main DriverManagerConnectionProviderImpl:configure:151 - HHH000401: using driver [org.h2.Driver] at URL [jdbc:h2:mem:tcp://localhost:9123/~/test]
2014-06-11 17:21:48,366  INFO main DriverManagerConnectionProviderImpl:configure:156 - HHH000046: Connection properties: {user=sa, password=****}
2014-06-11 17:21:48,421  INFO main Dialect:<init>:130 - HHH000400: Using dialect: org.hibernate.dialect.MySQLDialect
2014-06-11 17:21:48,662  INFO main TransactionFactoryInitiator:initiateService:68 - HHH000399: Using default transaction strategy (direct JDBC transactions)
2014-06-11 17:21:48,667  INFO main ASTQueryTranslatorFactory:<init>:48 - HHH000397: Using ASTQueryTranslatorFactory
2014-06-11 17:21:48,730  INFO main Version:<clinit>:27 - HV000001: Hibernate Validator 5.0.1.Final
2014-06-11 17:24:17,415  INFO main Version:<clinit>:37 - HCANN000001: Hibernate Commons Annotations {4.0.2.Final}
2014-06-11 17:24:17,422  INFO main Version:logVersion:41 - HHH000412: Hibernate Core {4.2.2.Final}
2014-06-11 17:24:17,424  INFO main Environment:<clinit>:239 - HHH000206: hibernate.properties not found
2014-06-11 17:24:17,425  INFO main Environment:buildBytecodeProvider:342 - HHH000021: Bytecode provider name : javassist
2014-06-11 17:24:17,443  INFO main Configuration:configure:1985 - HHH000043: Configuring from resource: /hibernate.cfg.xml
2014-06-11 17:24:17,443  INFO main Configuration:getConfigurationInputStream:2004 - HHH000040: Configuration resource: /hibernate.cfg.xml
2014-06-11 17:24:17,462  WARN main DTDEntityResolver:resolveEntity:74 - HHH000223: Recognized obsolete hibernate namespace http://hibernate.sourceforge.net/. Use namespace http://www.hibernate.org/dtd/ instead. Refer to Hibernate 3.6 Migration Guide!
2014-06-11 17:24:17,486  INFO main Configuration:doConfigure:2126 - HHH000041: Configured SessionFactory: null
2014-06-11 17:24:17,520  INFO main DriverManagerConnectionProviderImpl:configure:98 - HHH000402: Using Hibernate built-in connection pool (not for production use!)
2014-06-11 17:24:17,520  INFO main DriverManagerConnectionProviderImpl:configure:134 - HHH000115: Hibernate connection pool size: 20
2014-06-11 17:24:17,520  INFO main DriverManagerConnectionProviderImpl:configure:137 - HHH000006: Autocommit mode: false
2014-06-11 17:24:17,521  INFO main DriverManagerConnectionProviderImpl:configure:151 - HHH000401: using driver [org.h2.Driver] at URL [jdbc:h2:mem:tcp://localhost:9123/~/test]
2014-06-11 17:24:17,521  INFO main DriverManagerConnectionProviderImpl:configure:156 - HHH000046: Connection properties: {user=sa, password=****}
2014-06-11 17:24:17,564  INFO main Dialect:<init>:130 - HHH000400: Using dialect: org.hibernate.dialect.MySQLDialect
2014-06-11 17:24:17,762  INFO main TransactionFactoryInitiator:initiateService:68 - HHH000399: Using default transaction strategy (direct JDBC transactions)
2014-06-11 17:24:17,766  INFO main ASTQueryTranslatorFactory:<init>:48 - HHH000397: Using ASTQueryTranslatorFactory
2014-06-11 17:24:17,810  INFO main Version:<clinit>:27 - HV000001: Hibernate Validator 5.0.1.Final
2014-06-11 17:25:19,632  INFO main Version:<clinit>:37 - HCANN000001: Hibernate Commons Annotations {4.0.2.Final}
2014-06-11 17:25:19,639  INFO main Version:logVersion:41 - HHH000412: Hibernate Core {4.2.2.Final}
2014-06-11 17:25:19,641  INFO main Environment:<clinit>:239 - HHH000206: hibernate.properties not found
2014-06-11 17:25:19,643  INFO main Environment:buildBytecodeProvider:342 - HHH000021: Bytecode provider name : javassist
2014-06-11 17:25:19,661  INFO main Configuration:configure:1985 - HHH000043: Configuring from resource: /hibernate.cfg.xml
2014-06-11 17:25:19,661  INFO main Configuration:getConfigurationInputStream:2004 - HHH000040: Configuration resource: /hibernate.cfg.xml
2014-06-11 17:25:19,680  WARN main DTDEntityResolver:resolveEntity:74 - HHH000223: Recognized obsolete hibernate namespace http://hibernate.sourceforge.net/. Use namespace http://www.hibernate.org/dtd/ instead. Refer to Hibernate 3.6 Migration Guide!
2014-06-11 17:25:19,705  INFO main Configuration:doConfigure:2126 - HHH000041: Configured SessionFactory: null
2014-06-11 17:25:19,755  INFO main DriverManagerConnectionProviderImpl:configure:98 - HHH000402: Using Hibernate built-in connection pool (not for production use!)
2014-06-11 17:25:19,756  INFO main DriverManagerConnectionProviderImpl:configure:134 - HHH000115: Hibernate connection pool size: 20
2014-06-11 17:25:19,756  INFO main DriverManagerConnectionProviderImpl:configure:137 - HHH000006: Autocommit mode: false
2014-06-11 17:25:19,756  INFO main DriverManagerConnectionProviderImpl:configure:151 - HHH000401: using driver [org.h2.Driver] at URL [jdbc:h2:mem:tcp://localhost:9123/~/test]
2014-06-11 17:25:19,756  INFO main DriverManagerConnectionProviderImpl:configure:156 - HHH000046: Connection properties: {user=sa, password=****}
2014-06-11 17:25:19,802  INFO main Dialect:<init>:130 - HHH000400: Using dialect: org.hibernate.dialect.MySQLDialect
2014-06-11 17:25:20,015  INFO main TransactionFactoryInitiator:initiateService:68 - HHH000399: Using default transaction strategy (direct JDBC transactions)
2014-06-11 17:25:20,019  INFO main ASTQueryTranslatorFactory:<init>:48 - HHH000397: Using ASTQueryTranslatorFactory
2014-06-11 17:25:20,063  INFO main Version:<clinit>:27 - HV000001: Hibernate Validator 5.0.1.Final
2014-06-11 17:26:03,204  INFO main Version:<clinit>:37 - HCANN000001: Hibernate Commons Annotations {4.0.2.Final}
2014-06-11 17:26:03,211  INFO main Version:logVersion:41 - HHH000412: Hibernate Core {4.2.2.Final}
2014-06-11 17:26:03,213  INFO main Environment:<clinit>:239 - HHH000206: hibernate.properties not found
2014-06-11 17:26:03,214  INFO main Environment:buildBytecodeProvider:342 - HHH000021: Bytecode provider name : javassist
2014-06-11 17:26:03,233  INFO main Configuration:configure:1985 - HHH000043: Configuring from resource: /hibernate.cfg.xml
2014-06-11 17:26:03,233  INFO main Configuration:getConfigurationInputStream:2004 - HHH000040: Configuration resource: /hibernate.cfg.xml
2014-06-11 17:26:03,253  WARN main DTDEntityResolver:resolveEntity:74 - HHH000223: Recognized obsolete hibernate namespace http://hibernate.sourceforge.net/. Use namespace http://www.hibernate.org/dtd/ instead. Refer to Hibernate 3.6 Migration Guide!
2014-06-11 17:26:03,288  INFO main Configuration:doConfigure:2126 - HHH000041: Configured SessionFactory: null
2014-06-11 17:26:03,322  INFO main DriverManagerConnectionProviderImpl:configure:98 - HHH000402: Using Hibernate built-in connection pool (not for production use!)
2014-06-11 17:26:03,322  INFO main DriverManagerConnectionProviderImpl:configure:134 - HHH000115: Hibernate connection pool size: 20
2014-06-11 17:26:03,323  INFO main DriverManagerConnectionProviderImpl:configure:137 - HHH000006: Autocommit mode: false
2014-06-11 17:26:03,323  INFO main DriverManagerConnectionProviderImpl:configure:151 - HHH000401: using driver [org.h2.Driver] at URL [jdbc:h2:mem:tcp://localhost:9123/~/test]
2014-06-11 17:26:03,323  INFO main DriverManagerConnectionProviderImpl:configure:156 - HHH000046: Connection properties: {user=sa, password=****}
2014-06-11 17:26:03,368  INFO main Dialect:<init>:130 - HHH000400: Using dialect: org.hibernate.dialect.MySQLDialect
2014-06-11 17:26:03,611  INFO main TransactionFactoryInitiator:initiateService:68 - HHH000399: Using default transaction strategy (direct JDBC transactions)
2014-06-11 17:26:03,617  INFO main ASTQueryTranslatorFactory:<init>:48 - HHH000397: Using ASTQueryTranslatorFactory
2014-06-11 17:26:03,675  INFO main Version:<clinit>:27 - HV000001: Hibernate Validator 5.0.1.Final
2014-06-11 17:26:33,213  INFO main Version:<clinit>:37 - HCANN000001: Hibernate Commons Annotations {4.0.2.Final}
2014-06-11 17:26:33,220  INFO main Version:logVersion:41 - HHH000412: Hibernate Core {4.2.2.Final}
2014-06-11 17:26:33,222  INFO main Environment:<clinit>:239 - HHH000206: hibernate.properties not found
2014-06-11 17:26:33,223  INFO main Environment:buildBytecodeProvider:342 - HHH000021: Bytecode provider name : javassist
2014-06-11 17:26:33,241  INFO main Configuration:configure:1985 - HHH000043: Configuring from resource: /hibernate.cfg.xml
2014-06-11 17:26:33,241  INFO main Configuration:getConfigurationInputStream:2004 - HHH000040: Configuration resource: /hibernate.cfg.xml
2014-06-11 17:26:33,260  WARN main DTDEntityResolver:resolveEntity:74 - HHH000223: Recognized obsolete hibernate namespace http://hibernate.sourceforge.net/. Use namespace http://www.hibernate.org/dtd/ instead. Refer to Hibernate 3.6 Migration Guide!
2014-06-11 17:26:33,285  INFO main Configuration:doConfigure:2126 - HHH000041: Configured SessionFactory: null
2014-06-11 17:26:33,318  INFO main DriverManagerConnectionProviderImpl:configure:98 - HHH000402: Using Hibernate built-in connection pool (not for production use!)
2014-06-11 17:26:33,319  INFO main DriverManagerConnectionProviderImpl:configure:134 - HHH000115: Hibernate connection pool size: 20
2014-06-11 17:26:33,319  INFO main DriverManagerConnectionProviderImpl:configure:137 - HHH000006: Autocommit mode: false
2014-06-11 17:26:33,319  INFO main DriverManagerConnectionProviderImpl:configure:151 - HHH000401: using driver [org.h2.Driver] at URL [jdbc:h2:mem:tcp://localhost:9123/~/test]
2014-06-11 17:26:33,320  INFO main DriverManagerConnectionProviderImpl:configure:156 - HHH000046: Connection properties: {user=sa, password=****}
2014-06-11 17:26:33,369  INFO main Dialect:<init>:130 - HHH000400: Using dialect: org.hibernate.dialect.MySQLDialect
2014-06-11 17:26:33,579  INFO main TransactionFactoryInitiator:initiateService:68 - HHH000399: Using default transaction strategy (direct JDBC transactions)
2014-06-11 17:26:33,583  INFO main ASTQueryTranslatorFactory:<init>:48 - HHH000397: Using ASTQueryTranslatorFactory
2014-06-11 17:26:33,626  INFO main Version:<clinit>:27 - HV000001: Hibernate Validator 5.0.1.Final
2014-06-11 18:17:40,463  INFO main Version:<clinit>:37 - HCANN000001: Hibernate Commons Annotations {4.0.2.Final}
2014-06-11 18:17:40,470  INFO main Version:logVersion:41 - HHH000412: Hibernate Core {4.2.2.Final}
2014-06-11 18:17:40,472  INFO main Environment:<clinit>:239 - HHH000206: hibernate.properties not found
2014-06-11 18:17:40,473  INFO main Environment:buildBytecodeProvider:342 - HHH000021: Bytecode provider name : javassist
2014-06-11 18:17:40,490  INFO main Configuration:configure:1985 - HHH000043: Configuring from resource: /hibernate.cfg.xml
2014-06-11 18:17:40,491  INFO main Configuration:getConfigurationInputStream:2004 - HHH000040: Configuration resource: /hibernate.cfg.xml
2014-06-11 18:17:40,510  WARN main DTDEntityResolver:resolveEntity:74 - HHH000223: Recognized obsolete hibernate namespace http://hibernate.sourceforge.net/. Use namespace http://www.hibernate.org/dtd/ instead. Refer to Hibernate 3.6 Migration Guide!
2014-06-11 18:17:40,534  INFO main Configuration:doConfigure:2126 - HHH000041: Configured SessionFactory: null
2014-06-11 18:17:40,568  INFO main DriverManagerConnectionProviderImpl:configure:98 - HHH000402: Using Hibernate built-in connection pool (not for production use!)
2014-06-11 18:17:40,568  INFO main DriverManagerConnectionProviderImpl:configure:134 - HHH000115: Hibernate connection pool size: 20
2014-06-11 18:17:40,569  INFO main DriverManagerConnectionProviderImpl:configure:137 - HHH000006: Autocommit mode: false
2014-06-11 18:17:40,569  INFO main DriverManagerConnectionProviderImpl:configure:151 - HHH000401: using driver [org.h2.Driver] at URL [jdbc:h2:mem:tcp://localhost:9123/~/test]
2014-06-11 18:17:40,569  INFO main DriverManagerConnectionProviderImpl:configure:156 - HHH000046: Connection properties: {user=sa, password=****}
2014-06-11 18:17:40,613  INFO main Dialect:<init>:130 - HHH000400: Using dialect: org.hibernate.dialect.MySQLDialect
2014-06-11 18:17:40,812  INFO main TransactionFactoryInitiator:initiateService:68 - HHH000399: Using default transaction strategy (direct JDBC transactions)
2014-06-11 18:17:40,817  INFO main ASTQueryTranslatorFactory:<init>:48 - HHH000397: Using ASTQueryTranslatorFactory
2014-06-11 18:17:40,860  INFO main Version:<clinit>:27 - HV000001: Hibernate Validator 5.0.1.Final
2014-06-11 18:19:32,453  INFO main Version:<clinit>:37 - HCANN000001: Hibernate Commons Annotations {4.0.2.Final}
2014-06-11 18:19:32,461  INFO main Version:logVersion:41 - HHH000412: Hibernate Core {4.2.2.Final}
2014-06-11 18:19:32,463  INFO main Environment:<clinit>:239 - HHH000206: hibernate.properties not found
2014-06-11 18:19:32,464  INFO main Environment:buildBytecodeProvider:342 - HHH000021: Bytecode provider name : javassist
2014-06-11 18:19:32,482  INFO main Configuration:configure:1985 - HHH000043: Configuring from resource: /hibernate.cfg.xml
2014-06-11 18:19:32,482  INFO main Configuration:getConfigurationInputStream:2004 - HHH000040: Configuration resource: /hibernate.cfg.xml
2014-06-11 18:19:32,501  WARN main DTDEntityResolver:resolveEntity:74 - HHH000223: Recognized obsolete hibernate namespace http://hibernate.sourceforge.net/. Use namespace http://www.hibernate.org/dtd/ instead. Refer to Hibernate 3.6 Migration Guide!
2014-06-11 18:19:32,527  INFO main Configuration:doConfigure:2126 - HHH000041: Configured SessionFactory: null
2014-06-11 18:19:32,560  INFO main DriverManagerConnectionProviderImpl:configure:98 - HHH000402: Using Hibernate built-in connection pool (not for production use!)
2014-06-11 18:19:32,560  INFO main DriverManagerConnectionProviderImpl:configure:134 - HHH000115: Hibernate connection pool size: 20
2014-06-11 18:19:32,561  INFO main DriverManagerConnectionProviderImpl:configure:137 - HHH000006: Autocommit mode: false
2014-06-11 18:19:32,561  INFO main DriverManagerConnectionProviderImpl:configure:151 - HHH000401: using driver [org.h2.Driver] at URL [jdbc:h2:mem:tcp://localhost:9123/~/test]
2014-06-11 18:19:32,561  INFO main DriverManagerConnectionProviderImpl:configure:156 - HHH000046: Connection properties: {user=sa, password=****}
2014-06-11 18:19:32,606  INFO main Dialect:<init>:130 - HHH000400: Using dialect: org.hibernate.dialect.MySQLDialect
2014-06-11 18:19:32,807  INFO main TransactionFactoryInitiator:initiateService:68 - HHH000399: Using default transaction strategy (direct JDBC transactions)
2014-06-11 18:19:32,812  INFO main ASTQueryTranslatorFactory:<init>:48 - HHH000397: Using ASTQueryTranslatorFactory
2014-06-11 18:19:32,854  INFO main Version:<clinit>:27 - HV000001: Hibernate Validator 5.0.1.Final
2014-06-11 18:30:48,472  INFO main Version:<clinit>:37 - HCANN000001: Hibernate Commons Annotations {4.0.2.Final}
2014-06-11 18:30:48,480  INFO main Version:logVersion:41 - HHH000412: Hibernate Core {4.2.2.Final}
2014-06-11 18:30:48,482  INFO main Environment:<clinit>:239 - HHH000206: hibernate.properties not found
2014-06-11 18:30:48,483  INFO main Environment:buildBytecodeProvider:342 - HHH000021: Bytecode provider name : javassist
2014-06-11 18:30:48,501  INFO main Configuration:configure:1985 - HHH000043: Configuring from resource: /hibernate.cfg.xml
2014-06-11 18:30:48,501  INFO main Configuration:getConfigurationInputStream:2004 - HHH000040: Configuration resource: /hibernate.cfg.xml
2014-06-11 18:30:48,521  WARN main DTDEntityResolver:resolveEntity:74 - HHH000223: Recognized obsolete hibernate namespace http://hibernate.sourceforge.net/. Use namespace http://www.hibernate.org/dtd/ instead. Refer to Hibernate 3.6 Migration Guide!
2014-06-11 18:30:48,546  INFO main Configuration:doConfigure:2126 - HHH000041: Configured SessionFactory: null
2014-06-11 18:30:48,583  INFO main DriverManagerConnectionProviderImpl:configure:98 - HHH000402: Using Hibernate built-in connection pool (not for production use!)
2014-06-11 18:30:48,583  INFO main DriverManagerConnectionProviderImpl:configure:134 - HHH000115: Hibernate connection pool size: 20
2014-06-11 18:30:48,583  INFO main DriverManagerConnectionProviderImpl:configure:137 - HHH000006: Autocommit mode: false
2014-06-11 18:30:48,584  INFO main DriverManagerConnectionProviderImpl:configure:151 - HHH000401: using driver [org.h2.Driver] at URL [jdbc:h2:mem:tcp://localhost:9123/~/test]
2014-06-11 18:30:48,584  INFO main DriverManagerConnectionProviderImpl:configure:156 - HHH000046: Connection properties: {user=sa, password=****}
2014-06-11 18:30:48,629  INFO main Dialect:<init>:130 - HHH000400: Using dialect: org.hibernate.dialect.MySQLDialect
2014-06-11 18:30:48,826  INFO main TransactionFactoryInitiator:initiateService:68 - HHH000399: Using default transaction strategy (direct JDBC transactions)
2014-06-11 18:30:48,831  INFO main ASTQueryTranslatorFactory:<init>:48 - HHH000397: Using ASTQueryTranslatorFactory
2014-06-11 18:30:48,877  INFO main Version:<clinit>:27 - HV000001: Hibernate Validator 5.0.1.Final
2014-06-11 18:30:49,351  WARN main SqlExceptionHelper:logExceptions:145 - SQL Error: 22007, SQLState: 22007
2014-06-11 18:30:49,351 ERROR main SqlExceptionHelper:logExceptions:147 - Cannot parse "TIMESTAMP" constant "aced0005737200166f72672e6a6f64612e74696d652e4461746554696d65b83c78646a5bddf90200007872001f6f72672e6a6f64612e74696d652e626173652e426173654461746554696d65fffff9e14f5d2ea30200024a0007694d696c6c69734c000b694368726f6e6f6c6f677974001a4c6f72672f6a6f64612f74696d652f4368726f6e6f6c6f67793b78700000014691836e50737200276f72672e6a6f64612e74696d652e6368726f6e6f2e49534f4368726f6e6f6c6f67792453747562a9c811667137502703000078707372001f6f72672e6a6f64612e74696d652e4461746554696d655a6f6e652453747562a62f019a7c321ae30300007870770d000b4575726f70652f4b6965767878"; SQL statement:
insert into caffe.credit_card (TYPE_ID, EXP_DATE, NUM_HASH, SALT) values (?, ?, ?, ?) -- (?1, ?2, ?3, ?4) [22007-178]
2014-06-11 18:30:49,385  WARN main SqlExceptionHelper:logExceptions:145 - SQL Error: 23505, SQLState: 23505
2014-06-11 18:30:49,385 ERROR main SqlExceptionHelper:logExceptions:147 - Unique index or primary key violation: "TYPE_UNIQUE ON CAFFE.CREDIT_CARD_TYPE(TYPE) VALUES ('Visa', 1)"; SQL statement:
insert into caffe.credit_card_type (TYPE) values (?) [23505-178]
2014-06-11 18:30:49,407  WARN main UnresolvedEntityInsertActions:logCannotResolveNonNullableTransientDependencies:163 - HHH000437: Attempting to save one or more entities that have a non-nullable association with an unsaved transient entity. The unsaved transient entity must be saved in an operation prior to saving these dependent entities.
	Unsaved transient entity: ([com.caffee.dao.beans.CreditCardType#0])
	Dependent entities: ([[com.caffee.dao.beans.CreditCard#<null>]])
	Non-nullable association(s): ([com.caffee.dao.beans.CreditCard.creditCardType])
2014-06-11 18:30:49,416  WARN main UnresolvedEntityInsertActions:logCannotResolveNonNullableTransientDependencies:163 - HHH000437: Attempting to save one or more entities that have a non-nullable association with an unsaved transient entity. The unsaved transient entity must be saved in an operation prior to saving these dependent entities.
	Unsaved transient entity: ([com.caffee.dao.beans.CreditCard#0])
	Dependent entities: ([[com.caffee.dao.beans.Customer#<null>]])
	Non-nullable association(s): ([com.caffee.dao.beans.Customer.creditCard])
2014-06-11 18:32:01,557  INFO main Version:<clinit>:37 - HCANN000001: Hibernate Commons Annotations {4.0.2.Final}
2014-06-11 18:32:01,565  INFO main Version:logVersion:41 - HHH000412: Hibernate Core {4.2.2.Final}
2014-06-11 18:32:01,567  INFO main Environment:<clinit>:239 - HHH000206: hibernate.properties not found
2014-06-11 18:32:01,568  INFO main Environment:buildBytecodeProvider:342 - HHH000021: Bytecode provider name : javassist
2014-06-11 18:32:01,587  INFO main Configuration:configure:1985 - HHH000043: Configuring from resource: /hibernate.cfg.xml
2014-06-11 18:32:01,587  INFO main Configuration:getConfigurationInputStream:2004 - HHH000040: Configuration resource: /hibernate.cfg.xml
2014-06-11 18:32:01,607  WARN main DTDEntityResolver:resolveEntity:74 - HHH000223: Recognized obsolete hibernate namespace http://hibernate.sourceforge.net/. Use namespace http://www.hibernate.org/dtd/ instead. Refer to Hibernate 3.6 Migration Guide!
2014-06-11 18:32:01,637  INFO main Configuration:doConfigure:2126 - HHH000041: Configured SessionFactory: null
2014-06-11 18:32:01,673  INFO main DriverManagerConnectionProviderImpl:configure:98 - HHH000402: Using Hibernate built-in connection pool (not for production use!)
2014-06-11 18:32:01,673  INFO main DriverManagerConnectionProviderImpl:configure:134 - HHH000115: Hibernate connection pool size: 20
2014-06-11 18:32:01,674  INFO main DriverManagerConnectionProviderImpl:configure:137 - HHH000006: Autocommit mode: false
2014-06-11 18:32:01,674  INFO main DriverManagerConnectionProviderImpl:configure:151 - HHH000401: using driver [org.h2.Driver] at URL [jdbc:h2:mem:tcp://localhost:9123/~/test]
2014-06-11 18:32:01,674  INFO main DriverManagerConnectionProviderImpl:configure:156 - HHH000046: Connection properties: {user=sa, password=****}
2014-06-11 18:32:01,720  INFO main Dialect:<init>:130 - HHH000400: Using dialect: org.hibernate.dialect.MySQLDialect
2014-06-11 18:32:01,935  INFO main TransactionFactoryInitiator:initiateService:68 - HHH000399: Using default transaction strategy (direct JDBC transactions)
2014-06-11 18:32:01,940  INFO main ASTQueryTranslatorFactory:<init>:48 - HHH000397: Using ASTQueryTranslatorFactory
2014-06-11 18:32:01,987  INFO main Version:<clinit>:27 - HV000001: Hibernate Validator 5.0.1.Final
2014-06-11 18:32:27,203  INFO main Version:<clinit>:37 - HCANN000001: Hibernate Commons Annotations {4.0.2.Final}
2014-06-11 18:32:27,211  INFO main Version:logVersion:41 - HHH000412: Hibernate Core {4.2.2.Final}
2014-06-11 18:32:27,213  INFO main Environment:<clinit>:239 - HHH000206: hibernate.properties not found
2014-06-11 18:32:27,215  INFO main Environment:buildBytecodeProvider:342 - HHH000021: Bytecode provider name : javassist
2014-06-11 18:32:27,235  INFO main Configuration:configure:1985 - HHH000043: Configuring from resource: /hibernate.cfg.xml
2014-06-11 18:32:27,235  INFO main Configuration:getConfigurationInputStream:2004 - HHH000040: Configuration resource: /hibernate.cfg.xml
2014-06-11 18:32:27,260  WARN main DTDEntityResolver:resolveEntity:74 - HHH000223: Recognized obsolete hibernate namespace http://hibernate.sourceforge.net/. Use namespace http://www.hibernate.org/dtd/ instead. Refer to Hibernate 3.6 Migration Guide!
2014-06-11 18:32:27,285  INFO main Configuration:doConfigure:2126 - HHH000041: Configured SessionFactory: null
2014-06-11 18:32:27,326  INFO main DriverManagerConnectionProviderImpl:configure:98 - HHH000402: Using Hibernate built-in connection pool (not for production use!)
2014-06-11 18:32:27,326  INFO main DriverManagerConnectionProviderImpl:configure:134 - HHH000115: Hibernate connection pool size: 20
2014-06-11 18:32:27,326  INFO main DriverManagerConnectionProviderImpl:configure:137 - HHH000006: Autocommit mode: false
2014-06-11 18:32:27,327  INFO main DriverManagerConnectionProviderImpl:configure:151 - HHH000401: using driver [org.h2.Driver] at URL [jdbc:h2:mem:tcp://localhost:9123/~/test]
2014-06-11 18:32:27,327  INFO main DriverManagerConnectionProviderImpl:configure:156 - HHH000046: Connection properties: {user=sa, password=****}
2014-06-11 18:32:27,371  INFO main Dialect:<init>:130 - HHH000400: Using dialect: org.hibernate.dialect.MySQLDialect
2014-06-11 18:32:27,576  INFO main TransactionFactoryInitiator:initiateService:68 - HHH000399: Using default transaction strategy (direct JDBC transactions)
2014-06-11 18:32:27,581  INFO main ASTQueryTranslatorFactory:<init>:48 - HHH000397: Using ASTQueryTranslatorFactory
2014-06-11 18:32:27,634  INFO main Version:<clinit>:27 - HV000001: Hibernate Validator 5.0.1.Final
2014-06-11 18:33:37,710  INFO main Version:<clinit>:37 - HCANN000001: Hibernate Commons Annotations {4.0.2.Final}
2014-06-11 18:33:37,719  INFO main Version:logVersion:41 - HHH000412: Hibernate Core {4.2.2.Final}
2014-06-11 18:33:37,721  INFO main Environment:<clinit>:239 - HHH000206: hibernate.properties not found
2014-06-11 18:33:37,723  INFO main Environment:buildBytecodeProvider:342 - HHH000021: Bytecode provider name : javassist
2014-06-11 18:33:37,744  INFO main Configuration:configure:1985 - HHH000043: Configuring from resource: /hibernate.cfg.xml
2014-06-11 18:33:37,744  INFO main Configuration:getConfigurationInputStream:2004 - HHH000040: Configuration resource: /hibernate.cfg.xml
2014-06-11 18:33:37,770  WARN main DTDEntityResolver:resolveEntity:74 - HHH000223: Recognized obsolete hibernate namespace http://hibernate.sourceforge.net/. Use namespace http://www.hibernate.org/dtd/ instead. Refer to Hibernate 3.6 Migration Guide!
2014-06-11 18:33:37,804  INFO main Configuration:doConfigure:2126 - HHH000041: Configured SessionFactory: null
2014-06-11 18:33:37,855  INFO main DriverManagerConnectionProviderImpl:configure:98 - HHH000402: Using Hibernate built-in connection pool (not for production use!)
2014-06-11 18:33:37,856  INFO main DriverManagerConnectionProviderImpl:configure:134 - HHH000115: Hibernate connection pool size: 20
2014-06-11 18:33:37,856  INFO main DriverManagerConnectionProviderImpl:configure:137 - HHH000006: Autocommit mode: false
2014-06-11 18:33:37,856  INFO main DriverManagerConnectionProviderImpl:configure:151 - HHH000401: using driver [org.h2.Driver] at URL [jdbc:h2:mem:tcp://localhost:9123/~/test]
2014-06-11 18:33:37,856  INFO main DriverManagerConnectionProviderImpl:configure:156 - HHH000046: Connection properties: {user=sa, password=****}
2014-06-11 18:33:37,904  INFO main Dialect:<init>:130 - HHH000400: Using dialect: org.hibernate.dialect.MySQLDialect
2014-06-11 18:33:38,129  INFO main TransactionFactoryInitiator:initiateService:68 - HHH000399: Using default transaction strategy (direct JDBC transactions)
2014-06-11 18:33:38,136  INFO main ASTQueryTranslatorFactory:<init>:48 - HHH000397: Using ASTQueryTranslatorFactory
2014-06-11 18:33:38,207  INFO main Version:<clinit>:27 - HV000001: Hibernate Validator 5.0.1.Final
2014-06-11 18:33:55,299  INFO main Version:<clinit>:37 - HCANN000001: Hibernate Commons Annotations {4.0.2.Final}
2014-06-11 18:33:55,309  INFO main Version:logVersion:41 - HHH000412: Hibernate Core {4.2.2.Final}
2014-06-11 18:33:55,311  INFO main Environment:<clinit>:239 - HHH000206: hibernate.properties not found
2014-06-11 18:33:55,313  INFO main Environment:buildBytecodeProvider:342 - HHH000021: Bytecode provider name : javassist
2014-06-11 18:33:55,336  INFO main Configuration:configure:1985 - HHH000043: Configuring from resource: /hibernate.cfg.xml
2014-06-11 18:33:55,337  INFO main Configuration:getConfigurationInputStream:2004 - HHH000040: Configuration resource: /hibernate.cfg.xml
2014-06-11 18:33:55,367  WARN main DTDEntityResolver:resolveEntity:74 - HHH000223: Recognized obsolete hibernate namespace http://hibernate.sourceforge.net/. Use namespace http://www.hibernate.org/dtd/ instead. Refer to Hibernate 3.6 Migration Guide!
2014-06-11 18:33:55,409  INFO main Configuration:doConfigure:2126 - HHH000041: Configured SessionFactory: null
2014-06-11 18:33:55,460  INFO main DriverManagerConnectionProviderImpl:configure:98 - HHH000402: Using Hibernate built-in connection pool (not for production use!)
2014-06-11 18:33:55,460  INFO main DriverManagerConnectionProviderImpl:configure:134 - HHH000115: Hibernate connection pool size: 20
2014-06-11 18:33:55,461  INFO main DriverManagerConnectionProviderImpl:configure:137 - HHH000006: Autocommit mode: false
2014-06-11 18:33:55,461  INFO main DriverManagerConnectionProviderImpl:configure:151 - HHH000401: using driver [org.h2.Driver] at URL [jdbc:h2:mem:tcp://localhost:9123/~/test]
2014-06-11 18:33:55,461  INFO main DriverManagerConnectionProviderImpl:configure:156 - HHH000046: Connection properties: {user=sa, password=****}
2014-06-11 18:33:55,518  INFO main Dialect:<init>:130 - HHH000400: Using dialect: org.hibernate.dialect.MySQLDialect
2014-06-11 18:33:55,736  INFO main TransactionFactoryInitiator:initiateService:68 - HHH000399: Using default transaction strategy (direct JDBC transactions)
2014-06-11 18:33:55,741  INFO main ASTQueryTranslatorFactory:<init>:48 - HHH000397: Using ASTQueryTranslatorFactory
2014-06-11 18:33:55,784  INFO main Version:<clinit>:27 - HV000001: Hibernate Validator 5.0.1.Final
2014-06-11 18:34:42,042  INFO main Version:<clinit>:37 - HCANN000001: Hibernate Commons Annotations {4.0.2.Final}
2014-06-11 18:34:42,049  INFO main Version:logVersion:41 - HHH000412: Hibernate Core {4.2.2.Final}
2014-06-11 18:34:42,051  INFO main Environment:<clinit>:239 - HHH000206: hibernate.properties not found
2014-06-11 18:34:42,053  INFO main Environment:buildBytecodeProvider:342 - HHH000021: Bytecode provider name : javassist
2014-06-11 18:34:42,071  INFO main Configuration:configure:1985 - HHH000043: Configuring from resource: /hibernate.cfg.xml
2014-06-11 18:34:42,071  INFO main Configuration:getConfigurationInputStream:2004 - HHH000040: Configuration resource: /hibernate.cfg.xml
2014-06-11 18:34:42,090  WARN main DTDEntityResolver:resolveEntity:74 - HHH000223: Recognized obsolete hibernate namespace http://hibernate.sourceforge.net/. Use namespace http://www.hibernate.org/dtd/ instead. Refer to Hibernate 3.6 Migration Guide!
2014-06-11 18:34:42,124  INFO main Configuration:doConfigure:2126 - HHH000041: Configured SessionFactory: null
2014-06-11 18:34:42,158  INFO main DriverManagerConnectionProviderImpl:configure:98 - HHH000402: Using Hibernate built-in connection pool (not for production use!)
2014-06-11 18:34:42,159  INFO main DriverManagerConnectionProviderImpl:configure:134 - HHH000115: Hibernate connection pool size: 20
2014-06-11 18:34:42,159  INFO main DriverManagerConnectionProviderImpl:configure:137 - HHH000006: Autocommit mode: false
2014-06-11 18:34:42,159  INFO main DriverManagerConnectionProviderImpl:configure:151 - HHH000401: using driver [org.h2.Driver] at URL [jdbc:h2:mem:tcp://localhost:9123/~/test]
2014-06-11 18:34:42,160  INFO main DriverManagerConnectionProviderImpl:configure:156 - HHH000046: Connection properties: {user=sa, password=****}
2014-06-11 18:34:42,204  INFO main Dialect:<init>:130 - HHH000400: Using dialect: org.hibernate.dialect.MySQLDialect
2014-06-11 18:34:42,406  INFO main TransactionFactoryInitiator:initiateService:68 - HHH000399: Using default transaction strategy (direct JDBC transactions)
2014-06-11 18:34:42,411  INFO main ASTQueryTranslatorFactory:<init>:48 - HHH000397: Using ASTQueryTranslatorFactory
2014-06-11 18:34:42,453  INFO main Version:<clinit>:27 - HV000001: Hibernate Validator 5.0.1.Final
2014-06-12 11:37:13,292  INFO main Version:<clinit>:37 - HCANN000001: Hibernate Commons Annotations {4.0.2.Final}
2014-06-12 11:37:13,298  INFO main Version:logVersion:41 - HHH000412: Hibernate Core {4.2.2.Final}
2014-06-12 11:37:13,300  INFO main Environment:<clinit>:239 - HHH000206: hibernate.properties not found
2014-06-12 11:37:13,302  INFO main Environment:buildBytecodeProvider:342 - HHH000021: Bytecode provider name : javassist
2014-06-12 11:37:13,320  INFO main Configuration:configure:1985 - HHH000043: Configuring from resource: /hibernate.cfg.xml
2014-06-12 11:37:13,320  INFO main Configuration:getConfigurationInputStream:2004 - HHH000040: Configuration resource: /hibernate.cfg.xml
2014-06-12 11:37:13,339  WARN main DTDEntityResolver:resolveEntity:74 - HHH000223: Recognized obsolete hibernate namespace http://hibernate.sourceforge.net/. Use namespace http://www.hibernate.org/dtd/ instead. Refer to Hibernate 3.6 Migration Guide!
2014-06-12 11:37:13,364  INFO main Configuration:doConfigure:2126 - HHH000041: Configured SessionFactory: null
2014-06-12 11:37:13,399  INFO main DriverManagerConnectionProviderImpl:configure:98 - HHH000402: Using Hibernate built-in connection pool (not for production use!)
2014-06-12 11:37:13,400  INFO main DriverManagerConnectionProviderImpl:configure:134 - HHH000115: Hibernate connection pool size: 20
2014-06-12 11:37:13,400  INFO main DriverManagerConnectionProviderImpl:configure:137 - HHH000006: Autocommit mode: false
2014-06-12 11:37:13,400  INFO main DriverManagerConnectionProviderImpl:configure:151 - HHH000401: using driver [org.h2.Driver] at URL [jdbc:h2:mem:tcp://localhost:9123/~/test]
2014-06-12 11:37:13,400  INFO main DriverManagerConnectionProviderImpl:configure:156 - HHH000046: Connection properties: {user=sa, password=****}
2014-06-12 11:37:13,445  INFO main Dialect:<init>:130 - HHH000400: Using dialect: org.hibernate.dialect.MySQLDialect
2014-06-12 11:37:13,662  INFO main TransactionFactoryInitiator:initiateService:68 - HHH000399: Using default transaction strategy (direct JDBC transactions)
2014-06-12 11:37:13,666  INFO main ASTQueryTranslatorFactory:<init>:48 - HHH000397: Using ASTQueryTranslatorFactory
2014-06-12 11:37:13,710  INFO main Version:<clinit>:27 - HV000001: Hibernate Validator 5.0.1.Final
2014-06-12 11:39:12,650  INFO main Version:<clinit>:37 - HCANN000001: Hibernate Commons Annotations {4.0.2.Final}
2014-06-12 11:39:12,658  INFO main Version:logVersion:41 - HHH000412: Hibernate Core {4.2.2.Final}
2014-06-12 11:39:12,660  INFO main Environment:<clinit>:239 - HHH000206: hibernate.properties not found
2014-06-12 11:39:12,661  INFO main Environment:buildBytecodeProvider:342 - HHH000021: Bytecode provider name : javassist
2014-06-12 11:39:12,682  INFO main Configuration:configure:1985 - HHH000043: Configuring from resource: /hibernate.cfg.xml
2014-06-12 11:39:12,682  INFO main Configuration:getConfigurationInputStream:2004 - HHH000040: Configuration resource: /hibernate.cfg.xml
2014-06-12 11:39:12,703  WARN main DTDEntityResolver:resolveEntity:74 - HHH000223: Recognized obsolete hibernate namespace http://hibernate.sourceforge.net/. Use namespace http://www.hibernate.org/dtd/ instead. Refer to Hibernate 3.6 Migration Guide!
2014-06-12 11:39:12,730  INFO main Configuration:doConfigure:2126 - HHH000041: Configured SessionFactory: null
2014-06-12 11:39:12,767  INFO main DriverManagerConnectionProviderImpl:configure:98 - HHH000402: Using Hibernate built-in connection pool (not for production use!)
2014-06-12 11:39:12,768  INFO main DriverManagerConnectionProviderImpl:configure:134 - HHH000115: Hibernate connection pool size: 20
2014-06-12 11:39:12,768  INFO main DriverManagerConnectionProviderImpl:configure:137 - HHH000006: Autocommit mode: false
2014-06-12 11:39:12,768  INFO main DriverManagerConnectionProviderImpl:configure:151 - HHH000401: using driver [org.h2.Driver] at URL [jdbc:h2:mem:tcp://localhost:9123/~/test]
2014-06-12 11:39:12,769  INFO main DriverManagerConnectionProviderImpl:configure:156 - HHH000046: Connection properties: {user=sa, password=****}
2014-06-12 11:39:12,816  INFO main Dialect:<init>:130 - HHH000400: Using dialect: org.hibernate.dialect.MySQLDialect
2014-06-12 11:39:13,037  INFO main TransactionFactoryInitiator:initiateService:68 - HHH000399: Using default transaction strategy (direct JDBC transactions)
2014-06-12 11:39:13,043  INFO main ASTQueryTranslatorFactory:<init>:48 - HHH000397: Using ASTQueryTranslatorFactory
2014-06-12 11:39:13,089  INFO main Version:<clinit>:27 - HV000001: Hibernate Validator 5.0.1.Final
2014-06-12 11:44:19,585  INFO main Version:<clinit>:37 - HCANN000001: Hibernate Commons Annotations {4.0.2.Final}
2014-06-12 11:44:19,592  INFO main Version:logVersion:41 - HHH000412: Hibernate Core {4.2.2.Final}
2014-06-12 11:44:19,594  INFO main Environment:<clinit>:239 - HHH000206: hibernate.properties not found
2014-06-12 11:44:19,596  INFO main Environment:buildBytecodeProvider:342 - HHH000021: Bytecode provider name : javassist
2014-06-12 11:44:19,616  INFO main Configuration:configure:1985 - HHH000043: Configuring from resource: /hibernate.cfg.xml
2014-06-12 11:44:19,616  INFO main Configuration:getConfigurationInputStream:2004 - HHH000040: Configuration resource: /hibernate.cfg.xml
2014-06-12 11:44:19,636  WARN main DTDEntityResolver:resolveEntity:74 - HHH000223: Recognized obsolete hibernate namespace http://hibernate.sourceforge.net/. Use namespace http://www.hibernate.org/dtd/ instead. Refer to Hibernate 3.6 Migration Guide!
2014-06-12 11:44:19,662  INFO main Configuration:doConfigure:2126 - HHH000041: Configured SessionFactory: null
2014-06-12 11:44:19,698  INFO main DriverManagerConnectionProviderImpl:configure:98 - HHH000402: Using Hibernate built-in connection pool (not for production use!)
2014-06-12 11:44:19,699  INFO main DriverManagerConnectionProviderImpl:configure:134 - HHH000115: Hibernate connection pool size: 20
2014-06-12 11:44:19,699  INFO main DriverManagerConnectionProviderImpl:configure:137 - HHH000006: Autocommit mode: false
2014-06-12 11:44:19,699  INFO main DriverManagerConnectionProviderImpl:configure:151 - HHH000401: using driver [org.h2.Driver] at URL [jdbc:h2:mem:tcp://localhost:9123/~/test]
2014-06-12 11:44:19,699  INFO main DriverManagerConnectionProviderImpl:configure:156 - HHH000046: Connection properties: {user=sa, password=****}
2014-06-12 11:44:19,746  INFO main Dialect:<init>:130 - HHH000400: Using dialect: org.hibernate.dialect.MySQLDialect
2014-06-12 11:44:19,955  INFO main TransactionFactoryInitiator:initiateService:68 - HHH000399: Using default transaction strategy (direct JDBC transactions)
2014-06-12 11:44:19,959  INFO main ASTQueryTranslatorFactory:<init>:48 - HHH000397: Using ASTQueryTranslatorFactory
2014-06-12 11:44:20,004  INFO main Version:<clinit>:27 - HV000001: Hibernate Validator 5.0.1.Final
2014-06-12 12:15:31,317  INFO main Version:<clinit>:37 - HCANN000001: Hibernate Commons Annotations {4.0.2.Final}
2014-06-12 12:15:31,324  INFO main Version:logVersion:41 - HHH000412: Hibernate Core {4.2.2.Final}
2014-06-12 12:15:31,326  INFO main Environment:<clinit>:239 - HHH000206: hibernate.properties not found
2014-06-12 12:15:31,328  INFO main Environment:buildBytecodeProvider:342 - HHH000021: Bytecode provider name : javassist
2014-06-12 12:15:31,345  INFO main Configuration:configure:1985 - HHH000043: Configuring from resource: /hibernate.cfg.xml
2014-06-12 12:15:31,346  INFO main Configuration:getConfigurationInputStream:2004 - HHH000040: Configuration resource: /hibernate.cfg.xml
2014-06-12 12:15:31,365  WARN main DTDEntityResolver:resolveEntity:74 - HHH000223: Recognized obsolete hibernate namespace http://hibernate.sourceforge.net/. Use namespace http://www.hibernate.org/dtd/ instead. Refer to Hibernate 3.6 Migration Guide!
2014-06-12 12:15:31,389  INFO main Configuration:doConfigure:2126 - HHH000041: Configured SessionFactory: null
2014-06-12 12:15:31,423  INFO main DriverManagerConnectionProviderImpl:configure:98 - HHH000402: Using Hibernate built-in connection pool (not for production use!)
2014-06-12 12:15:31,424  INFO main DriverManagerConnectionProviderImpl:configure:134 - HHH000115: Hibernate connection pool size: 20
2014-06-12 12:15:31,424  INFO main DriverManagerConnectionProviderImpl:configure:137 - HHH000006: Autocommit mode: false
2014-06-12 12:15:31,424  INFO main DriverManagerConnectionProviderImpl:configure:151 - HHH000401: using driver [org.h2.Driver] at URL [jdbc:h2:mem:tcp://localhost:9123/~/test]
2014-06-12 12:15:31,425  INFO main DriverManagerConnectionProviderImpl:configure:156 - HHH000046: Connection properties: {user=sa, password=****}
2014-06-12 12:15:31,469  INFO main Dialect:<init>:130 - HHH000400: Using dialect: org.hibernate.dialect.MySQLDialect
2014-06-12 12:15:31,671  INFO main TransactionFactoryInitiator:initiateService:68 - HHH000399: Using default transaction strategy (direct JDBC transactions)
2014-06-12 12:15:31,675  INFO main ASTQueryTranslatorFactory:<init>:48 - HHH000397: Using ASTQueryTranslatorFactory
2014-06-12 12:15:31,717  INFO main Version:<clinit>:27 - HV000001: Hibernate Validator 5.0.1.Final
2014-06-12 12:19:28,502  INFO main Version:<clinit>:37 - HCANN000001: Hibernate Commons Annotations {4.0.2.Final}
2014-06-12 12:19:28,508  INFO main Version:logVersion:41 - HHH000412: Hibernate Core {4.2.2.Final}
2014-06-12 12:19:28,510  INFO main Environment:<clinit>:239 - HHH000206: hibernate.properties not found
2014-06-12 12:19:28,512  INFO main Environment:buildBytecodeProvider:342 - HHH000021: Bytecode provider name : javassist
2014-06-12 12:19:28,529  INFO main Configuration:configure:1985 - HHH000043: Configuring from resource: /hibernate.cfg.xml
2014-06-12 12:19:28,529  INFO main Configuration:getConfigurationInputStream:2004 - HHH000040: Configuration resource: /hibernate.cfg.xml
2014-06-12 12:19:28,549  WARN main DTDEntityResolver:resolveEntity:74 - HHH000223: Recognized obsolete hibernate namespace http://hibernate.sourceforge.net/. Use namespace http://www.hibernate.org/dtd/ instead. Refer to Hibernate 3.6 Migration Guide!
2014-06-12 12:19:28,573  INFO main Configuration:doConfigure:2126 - HHH000041: Configured SessionFactory: null
2014-06-12 12:19:28,610  INFO main DriverManagerConnectionProviderImpl:configure:98 - HHH000402: Using Hibernate built-in connection pool (not for production use!)
2014-06-12 12:19:28,610  INFO main DriverManagerConnectionProviderImpl:configure:134 - HHH000115: Hibernate connection pool size: 20
2014-06-12 12:19:28,610  INFO main DriverManagerConnectionProviderImpl:configure:137 - HHH000006: Autocommit mode: false
2014-06-12 12:19:28,611  INFO main DriverManagerConnectionProviderImpl:configure:151 - HHH000401: using driver [org.h2.Driver] at URL [jdbc:h2:mem:tcp://localhost:9123/~/test]
2014-06-12 12:19:28,611  INFO main DriverManagerConnectionProviderImpl:configure:156 - HHH000046: Connection properties: {user=sa, password=****}
2014-06-12 12:19:28,655  INFO main Dialect:<init>:130 - HHH000400: Using dialect: org.hibernate.dialect.MySQLDialect
2014-06-12 12:19:28,857  INFO main TransactionFactoryInitiator:initiateService:68 - HHH000399: Using default transaction strategy (direct JDBC transactions)
2014-06-12 12:19:28,862  INFO main ASTQueryTranslatorFactory:<init>:48 - HHH000397: Using ASTQueryTranslatorFactory
2014-06-12 12:19:28,905  INFO main Version:<clinit>:27 - HV000001: Hibernate Validator 5.0.1.Final
2014-06-12 12:20:40,147  INFO main Version:<clinit>:37 - HCANN000001: Hibernate Commons Annotations {4.0.2.Final}
2014-06-12 12:20:40,155  INFO main Version:logVersion:41 - HHH000412: Hibernate Core {4.2.2.Final}
2014-06-12 12:20:40,158  INFO main Environment:<clinit>:239 - HHH000206: hibernate.properties not found
2014-06-12 12:20:40,160  INFO main Environment:buildBytecodeProvider:342 - HHH000021: Bytecode provider name : javassist
2014-06-12 12:20:40,180  INFO main Configuration:configure:1985 - HHH000043: Configuring from resource: /hibernate.cfg.xml
2014-06-12 12:20:40,180  INFO main Configuration:getConfigurationInputStream:2004 - HHH000040: Configuration resource: /hibernate.cfg.xml
2014-06-12 12:20:40,199  WARN main DTDEntityResolver:resolveEntity:74 - HHH000223: Recognized obsolete hibernate namespace http://hibernate.sourceforge.net/. Use namespace http://www.hibernate.org/dtd/ instead. Refer to Hibernate 3.6 Migration Guide!
2014-06-12 12:20:40,236  INFO main Configuration:doConfigure:2126 - HHH000041: Configured SessionFactory: null
2014-06-12 12:20:40,274  INFO main DriverManagerConnectionProviderImpl:configure:98 - HHH000402: Using Hibernate built-in connection pool (not for production use!)
2014-06-12 12:20:40,275  INFO main DriverManagerConnectionProviderImpl:configure:134 - HHH000115: Hibernate connection pool size: 20
2014-06-12 12:20:40,275  INFO main DriverManagerConnectionProviderImpl:configure:137 - HHH000006: Autocommit mode: false
2014-06-12 12:20:40,275  INFO main DriverManagerConnectionProviderImpl:configure:151 - HHH000401: using driver [org.h2.Driver] at URL [jdbc:h2:mem:tcp://localhost:9123/~/test]
2014-06-12 12:20:40,276  INFO main DriverManagerConnectionProviderImpl:configure:156 - HHH000046: Connection properties: {user=sa, password=****}
2014-06-12 12:20:40,322  INFO main Dialect:<init>:130 - HHH000400: Using dialect: org.hibernate.dialect.MySQLDialect
2014-06-12 12:20:40,546  INFO main TransactionFactoryInitiator:initiateService:68 - HHH000399: Using default transaction strategy (direct JDBC transactions)
2014-06-12 12:20:40,551  INFO main ASTQueryTranslatorFactory:<init>:48 - HHH000397: Using ASTQueryTranslatorFactory
2014-06-12 12:20:40,596  INFO main Version:<clinit>:27 - HV000001: Hibernate Validator 5.0.1.Final
2014-06-12 12:35:09,900  INFO main Version:<clinit>:37 - HCANN000001: Hibernate Commons Annotations {4.0.2.Final}
2014-06-12 12:35:09,908  INFO main Version:logVersion:41 - HHH000412: Hibernate Core {4.2.2.Final}
2014-06-12 12:35:09,909  INFO main Environment:<clinit>:239 - HHH000206: hibernate.properties not found
2014-06-12 12:35:09,911  INFO main Environment:buildBytecodeProvider:342 - HHH000021: Bytecode provider name : javassist
2014-06-12 12:35:09,928  INFO main Configuration:configure:1985 - HHH000043: Configuring from resource: /hibernate.cfg.xml
2014-06-12 12:35:09,929  INFO main Configuration:getConfigurationInputStream:2004 - HHH000040: Configuration resource: /hibernate.cfg.xml
2014-06-12 12:35:09,948  WARN main DTDEntityResolver:resolveEntity:74 - HHH000223: Recognized obsolete hibernate namespace http://hibernate.sourceforge.net/. Use namespace http://www.hibernate.org/dtd/ instead. Refer to Hibernate 3.6 Migration Guide!
2014-06-12 12:35:09,972  INFO main Configuration:doConfigure:2126 - HHH000041: Configured SessionFactory: null
2014-06-12 12:35:10,006  INFO main DriverManagerConnectionProviderImpl:configure:98 - HHH000402: Using Hibernate built-in connection pool (not for production use!)
2014-06-12 12:35:10,006  INFO main DriverManagerConnectionProviderImpl:configure:134 - HHH000115: Hibernate connection pool size: 20
2014-06-12 12:35:10,007  INFO main DriverManagerConnectionProviderImpl:configure:137 - HHH000006: Autocommit mode: false
2014-06-12 12:35:10,007  INFO main DriverManagerConnectionProviderImpl:configure:151 - HHH000401: using driver [org.h2.Driver] at URL [jdbc:h2:mem:tcp://localhost:9123/~/test]
2014-06-12 12:35:10,007  INFO main DriverManagerConnectionProviderImpl:configure:156 - HHH000046: Connection properties: {user=sa, password=****}
2014-06-12 12:35:10,052  INFO main Dialect:<init>:130 - HHH000400: Using dialect: org.hibernate.dialect.MySQLDialect
2014-06-12 12:35:10,252  INFO main TransactionFactoryInitiator:initiateService:68 - HHH000399: Using default transaction strategy (direct JDBC transactions)
2014-06-12 12:35:10,257  INFO main ASTQueryTranslatorFactory:<init>:48 - HHH000397: Using ASTQueryTranslatorFactory
2014-06-12 12:35:10,300  INFO main Version:<clinit>:27 - HV000001: Hibernate Validator 5.0.1.Final
2014-06-12 12:43:44,969  INFO main Version:<clinit>:37 - HCANN000001: Hibernate Commons Annotations {4.0.2.Final}
2014-06-12 12:43:44,976  INFO main Version:logVersion:41 - HHH000412: Hibernate Core {4.2.2.Final}
2014-06-12 12:43:44,977  INFO main Environment:<clinit>:239 - HHH000206: hibernate.properties not found
2014-06-12 12:43:44,979  INFO main Environment:buildBytecodeProvider:342 - HHH000021: Bytecode provider name : javassist
2014-06-12 12:43:44,998  INFO main Configuration:configure:1985 - HHH000043: Configuring from resource: /hibernate.cfg.xml
2014-06-12 12:43:44,999  INFO main Configuration:getConfigurationInputStream:2004 - HHH000040: Configuration resource: /hibernate.cfg.xml
2014-06-12 12:43:45,018  WARN main DTDEntityResolver:resolveEntity:74 - HHH000223: Recognized obsolete hibernate namespace http://hibernate.sourceforge.net/. Use namespace http://www.hibernate.org/dtd/ instead. Refer to Hibernate 3.6 Migration Guide!
2014-06-12 12:43:45,043  INFO main Configuration:doConfigure:2126 - HHH000041: Configured SessionFactory: null
2014-06-12 12:43:45,077  INFO main DriverManagerConnectionProviderImpl:configure:98 - HHH000402: Using Hibernate built-in connection pool (not for production use!)
2014-06-12 12:43:45,077  INFO main DriverManagerConnectionProviderImpl:configure:134 - HHH000115: Hibernate connection pool size: 20
2014-06-12 12:43:45,077  INFO main DriverManagerConnectionProviderImpl:configure:137 - HHH000006: Autocommit mode: false
2014-06-12 12:43:45,078  INFO main DriverManagerConnectionProviderImpl:configure:151 - HHH000401: using driver [org.h2.Driver] at URL [jdbc:h2:mem:tcp://localhost:9123/~/test]
2014-06-12 12:43:45,078  INFO main DriverManagerConnectionProviderImpl:configure:156 - HHH000046: Connection properties: {user=sa, password=****}
2014-06-12 12:43:45,122  INFO main Dialect:<init>:130 - HHH000400: Using dialect: org.hibernate.dialect.MySQLDialect
2014-06-12 12:43:45,324  INFO main TransactionFactoryInitiator:initiateService:68 - HHH000399: Using default transaction strategy (direct JDBC transactions)
2014-06-12 12:43:45,328  INFO main ASTQueryTranslatorFactory:<init>:48 - HHH000397: Using ASTQueryTranslatorFactory
2014-06-12 12:43:45,371  INFO main Version:<clinit>:27 - HV000001: Hibernate Validator 5.0.1.Final
2014-06-12 12:49:13,301  INFO main Version:<clinit>:37 - HCANN000001: Hibernate Commons Annotations {4.0.2.Final}
2014-06-12 12:49:13,309  INFO main Version:logVersion:41 - HHH000412: Hibernate Core {4.2.2.Final}
2014-06-12 12:49:13,311  INFO main Environment:<clinit>:239 - HHH000206: hibernate.properties not found
2014-06-12 12:49:13,312  INFO main Environment:buildBytecodeProvider:342 - HHH000021: Bytecode provider name : javassist
2014-06-12 12:49:13,331  INFO main Configuration:configure:1985 - HHH000043: Configuring from resource: /hibernate.cfg.xml
2014-06-12 12:49:13,331  INFO main Configuration:getConfigurationInputStream:2004 - HHH000040: Configuration resource: /hibernate.cfg.xml
2014-06-12 12:49:13,351  WARN main DTDEntityResolver:resolveEntity:74 - HHH000223: Recognized obsolete hibernate namespace http://hibernate.sourceforge.net/. Use namespace http://www.hibernate.org/dtd/ instead. Refer to Hibernate 3.6 Migration Guide!
2014-06-12 12:49:13,376  INFO main Configuration:doConfigure:2126 - HHH000041: Configured SessionFactory: null
2014-06-12 12:49:13,411  INFO main DriverManagerConnectionProviderImpl:configure:98 - HHH000402: Using Hibernate built-in connection pool (not for production use!)
2014-06-12 12:49:13,411  INFO main DriverManagerConnectionProviderImpl:configure:134 - HHH000115: Hibernate connection pool size: 20
2014-06-12 12:49:13,412  INFO main DriverManagerConnectionProviderImpl:configure:137 - HHH000006: Autocommit mode: false
2014-06-12 12:49:13,412  INFO main DriverManagerConnectionProviderImpl:configure:151 - HHH000401: using driver [org.h2.Driver] at URL [jdbc:h2:mem:tcp://localhost:9123/~/test]
2014-06-12 12:49:13,412  INFO main DriverManagerConnectionProviderImpl:configure:156 - HHH000046: Connection properties: {user=sa, password=****}
2014-06-12 12:49:13,461  INFO main Dialect:<init>:130 - HHH000400: Using dialect: org.hibernate.dialect.MySQLDialect
2014-06-12 12:49:13,679  INFO main TransactionFactoryInitiator:initiateService:68 - HHH000399: Using default transaction strategy (direct JDBC transactions)
2014-06-12 12:49:13,684  INFO main ASTQueryTranslatorFactory:<init>:48 - HHH000397: Using ASTQueryTranslatorFactory
2014-06-12 12:49:13,727  INFO main Version:<clinit>:27 - HV000001: Hibernate Validator 5.0.1.Final
2014-06-12 12:51:24,822  INFO main Version:<clinit>:37 - HCANN000001: Hibernate Commons Annotations {4.0.2.Final}
2014-06-12 12:51:24,829  INFO main Version:logVersion:41 - HHH000412: Hibernate Core {4.2.2.Final}
2014-06-12 12:51:24,831  INFO main Environment:<clinit>:239 - HHH000206: hibernate.properties not found
2014-06-12 12:51:24,832  INFO main Environment:buildBytecodeProvider:342 - HHH000021: Bytecode provider name : javassist
2014-06-12 12:51:24,851  INFO main Configuration:configure:1985 - HHH000043: Configuring from resource: /hibernate.cfg.xml
2014-06-12 12:51:24,851  INFO main Configuration:getConfigurationInputStream:2004 - HHH000040: Configuration resource: /hibernate.cfg.xml
2014-06-12 12:51:24,870  WARN main DTDEntityResolver:resolveEntity:74 - HHH000223: Recognized obsolete hibernate namespace http://hibernate.sourceforge.net/. Use namespace http://www.hibernate.org/dtd/ instead. Refer to Hibernate 3.6 Migration Guide!
2014-06-12 12:51:24,896  INFO main Configuration:doConfigure:2126 - HHH000041: Configured SessionFactory: null
2014-06-12 12:51:24,931  INFO main DriverManagerConnectionProviderImpl:configure:98 - HHH000402: Using Hibernate built-in connection pool (not for production use!)
2014-06-12 12:51:24,932  INFO main DriverManagerConnectionProviderImpl:configure:134 - HHH000115: Hibernate connection pool size: 20
2014-06-12 12:51:24,932  INFO main DriverManagerConnectionProviderImpl:configure:137 - HHH000006: Autocommit mode: false
2014-06-12 12:51:24,932  INFO main DriverManagerConnectionProviderImpl:configure:151 - HHH000401: using driver [org.h2.Driver] at URL [jdbc:h2:mem:tcp://localhost:9123/~/test]
2014-06-12 12:51:24,933  INFO main DriverManagerConnectionProviderImpl:configure:156 - HHH000046: Connection properties: {user=sa, password=****}
2014-06-12 12:51:24,981  INFO main Dialect:<init>:130 - HHH000400: Using dialect: org.hibernate.dialect.MySQLDialect
2014-06-12 12:51:25,198  INFO main TransactionFactoryInitiator:initiateService:68 - HHH000399: Using default transaction strategy (direct JDBC transactions)
2014-06-12 12:51:25,203  INFO main ASTQueryTranslatorFactory:<init>:48 - HHH000397: Using ASTQueryTranslatorFactory
2014-06-12 12:51:25,244  INFO main Version:<clinit>:27 - HV000001: Hibernate Validator 5.0.1.Final
2014-06-12 13:06:26,903  INFO main Version:<clinit>:37 - HCANN000001: Hibernate Commons Annotations {4.0.2.Final}
2014-06-12 13:06:26,910  INFO main Version:logVersion:41 - HHH000412: Hibernate Core {4.2.2.Final}
2014-06-12 13:06:26,911  INFO main Environment:<clinit>:239 - HHH000206: hibernate.properties not found
2014-06-12 13:06:26,913  INFO main Environment:buildBytecodeProvider:342 - HHH000021: Bytecode provider name : javassist
2014-06-12 13:06:26,930  INFO main Configuration:configure:1985 - HHH000043: Configuring from resource: /hibernate.cfg.xml
2014-06-12 13:06:26,931  INFO main Configuration:getConfigurationInputStream:2004 - HHH000040: Configuration resource: /hibernate.cfg.xml
2014-06-12 13:06:26,950  WARN main DTDEntityResolver:resolveEntity:74 - HHH000223: Recognized obsolete hibernate namespace http://hibernate.sourceforge.net/. Use namespace http://www.hibernate.org/dtd/ instead. Refer to Hibernate 3.6 Migration Guide!
2014-06-12 13:06:26,974  INFO main Configuration:doConfigure:2126 - HHH000041: Configured SessionFactory: null
2014-06-12 13:06:27,007  INFO main DriverManagerConnectionProviderImpl:configure:98 - HHH000402: Using Hibernate built-in connection pool (not for production use!)
2014-06-12 13:06:27,008  INFO main DriverManagerConnectionProviderImpl:configure:134 - HHH000115: Hibernate connection pool size: 20
2014-06-12 13:06:27,008  INFO main DriverManagerConnectionProviderImpl:configure:137 - HHH000006: Autocommit mode: false
2014-06-12 13:06:27,009  INFO main DriverManagerConnectionProviderImpl:configure:151 - HHH000401: using driver [org.h2.Driver] at URL [jdbc:h2:mem:tcp://localhost:9123/~/test]
2014-06-12 13:06:27,009  INFO main DriverManagerConnectionProviderImpl:configure:156 - HHH000046: Connection properties: {user=sa, password=****}
2014-06-12 13:06:27,057  INFO main Dialect:<init>:130 - HHH000400: Using dialect: org.hibernate.dialect.MySQLDialect
2014-06-12 13:06:27,269  INFO main TransactionFactoryInitiator:initiateService:68 - HHH000399: Using default transaction strategy (direct JDBC transactions)
2014-06-12 13:06:27,274  INFO main ASTQueryTranslatorFactory:<init>:48 - HHH000397: Using ASTQueryTranslatorFactory
2014-06-12 13:06:27,317  INFO main Version:<clinit>:27 - HV000001: Hibernate Validator 5.0.1.Final
2014-06-12 13:20:30,439  INFO main Version:<clinit>:37 - HCANN000001: Hibernate Commons Annotations {4.0.2.Final}
2014-06-12 13:20:30,447  INFO main Version:logVersion:41 - HHH000412: Hibernate Core {4.2.2.Final}
2014-06-12 13:20:30,449  INFO main Environment:<clinit>:239 - HHH000206: hibernate.properties not found
2014-06-12 13:20:30,450  INFO main Environment:buildBytecodeProvider:342 - HHH000021: Bytecode provider name : javassist
2014-06-12 13:20:30,469  INFO main Configuration:configure:1985 - HHH000043: Configuring from resource: /hibernate.cfg.xml
2014-06-12 13:20:30,470  INFO main Configuration:getConfigurationInputStream:2004 - HHH000040: Configuration resource: /hibernate.cfg.xml
2014-06-12 13:20:30,490  WARN main DTDEntityResolver:resolveEntity:74 - HHH000223: Recognized obsolete hibernate namespace http://hibernate.sourceforge.net/. Use namespace http://www.hibernate.org/dtd/ instead. Refer to Hibernate 3.6 Migration Guide!
2014-06-12 13:20:30,525  INFO main Configuration:doConfigure:2126 - HHH000041: Configured SessionFactory: null
2014-06-12 13:20:30,561  INFO main DriverManagerConnectionProviderImpl:configure:98 - HHH000402: Using Hibernate built-in connection pool (not for production use!)
2014-06-12 13:20:30,561  INFO main DriverManagerConnectionProviderImpl:configure:134 - HHH000115: Hibernate connection pool size: 20
2014-06-12 13:20:30,562  INFO main DriverManagerConnectionProviderImpl:configure:137 - HHH000006: Autocommit mode: false
2014-06-12 13:20:30,562  INFO main DriverManagerConnectionProviderImpl:configure:151 - HHH000401: using driver [org.h2.Driver] at URL [jdbc:h2:mem:tcp://localhost:9123/~/test]
2014-06-12 13:20:30,562  INFO main DriverManagerConnectionProviderImpl:configure:156 - HHH000046: Connection properties: {user=sa, password=****}
2014-06-12 13:20:30,610  INFO main Dialect:<init>:130 - HHH000400: Using dialect: org.hibernate.dialect.MySQLDialect
2014-06-12 13:20:30,831  INFO main TransactionFactoryInitiator:initiateService:68 - HHH000399: Using default transaction strategy (direct JDBC transactions)
2014-06-12 13:20:30,837  INFO main ASTQueryTranslatorFactory:<init>:48 - HHH000397: Using ASTQueryTranslatorFactory
2014-06-12 13:20:30,882  INFO main Version:<clinit>:27 - HV000001: Hibernate Validator 5.0.1.Final
2014-06-12 14:34:26,631  INFO main Version:<clinit>:37 - HCANN000001: Hibernate Commons Annotations {4.0.2.Final}
2014-06-12 14:34:26,638  INFO main Version:logVersion:41 - HHH000412: Hibernate Core {4.2.2.Final}
2014-06-12 14:34:26,640  INFO main Environment:<clinit>:239 - HHH000206: hibernate.properties not found
2014-06-12 14:34:26,641  INFO main Environment:buildBytecodeProvider:342 - HHH000021: Bytecode provider name : javassist
2014-06-12 14:34:26,660  INFO main Configuration:configure:1985 - HHH000043: Configuring from resource: /hibernate.cfg.xml
2014-06-12 14:34:26,660  INFO main Configuration:getConfigurationInputStream:2004 - HHH000040: Configuration resource: /hibernate.cfg.xml
2014-06-12 14:34:26,679  WARN main DTDEntityResolver:resolveEntity:74 - HHH000223: Recognized obsolete hibernate namespace http://hibernate.sourceforge.net/. Use namespace http://www.hibernate.org/dtd/ instead. Refer to Hibernate 3.6 Migration Guide!
2014-06-12 14:34:26,704  INFO main Configuration:doConfigure:2126 - HHH000041: Configured SessionFactory: null
2014-06-12 14:34:26,738  INFO main DriverManagerConnectionProviderImpl:configure:98 - HHH000402: Using Hibernate built-in connection pool (not for production use!)
2014-06-12 14:34:26,739  INFO main DriverManagerConnectionProviderImpl:configure:134 - HHH000115: Hibernate connection pool size: 20
2014-06-12 14:34:26,739  INFO main DriverManagerConnectionProviderImpl:configure:137 - HHH000006: Autocommit mode: false
2014-06-12 14:34:26,739  INFO main DriverManagerConnectionProviderImpl:configure:151 - HHH000401: using driver [org.h2.Driver] at URL [jdbc:h2:mem:tcp://localhost:9123/~/test]
2014-06-12 14:34:26,740  INFO main DriverManagerConnectionProviderImpl:configure:156 - HHH000046: Connection properties: {user=sa, password=****}
2014-06-12 14:34:26,788  INFO main Dialect:<init>:130 - HHH000400: Using dialect: org.hibernate.dialect.MySQLDialect
2014-06-12 14:34:27,015  INFO main TransactionFactoryInitiator:initiateService:68 - HHH000399: Using default transaction strategy (direct JDBC transactions)
2014-06-12 14:34:27,019  INFO main ASTQueryTranslatorFactory:<init>:48 - HHH000397: Using ASTQueryTranslatorFactory
2014-06-12 14:34:27,061  INFO main Version:<clinit>:27 - HV000001: Hibernate Validator 5.0.1.Final
2014-06-12 16:14:21,381  INFO main Version:<clinit>:37 - HCANN000001: Hibernate Commons Annotations {4.0.2.Final}
2014-06-12 16:14:21,388  INFO main Version:logVersion:41 - HHH000412: Hibernate Core {4.2.2.Final}
2014-06-12 16:14:21,390  INFO main Environment:<clinit>:239 - HHH000206: hibernate.properties not found
2014-06-12 16:14:21,392  INFO main Environment:buildBytecodeProvider:342 - HHH000021: Bytecode provider name : javassist
2014-06-12 16:14:21,410  INFO main Configuration:configure:1985 - HHH000043: Configuring from resource: /hibernate.cfg.xml
2014-06-12 16:14:21,411  INFO main Configuration:getConfigurationInputStream:2004 - HHH000040: Configuration resource: /hibernate.cfg.xml
2014-06-12 16:14:21,430  WARN main DTDEntityResolver:resolveEntity:74 - HHH000223: Recognized obsolete hibernate namespace http://hibernate.sourceforge.net/. Use namespace http://www.hibernate.org/dtd/ instead. Refer to Hibernate 3.6 Migration Guide!
2014-06-12 16:14:21,455  INFO main Configuration:doConfigure:2126 - HHH000041: Configured SessionFactory: null
2014-06-12 16:14:21,490  INFO main DriverManagerConnectionProviderImpl:configure:98 - HHH000402: Using Hibernate built-in connection pool (not for production use!)
2014-06-12 16:14:21,491  INFO main DriverManagerConnectionProviderImpl:configure:134 - HHH000115: Hibernate connection pool size: 20
2014-06-12 16:14:21,491  INFO main DriverManagerConnectionProviderImpl:configure:137 - HHH000006: Autocommit mode: false
2014-06-12 16:14:21,492  INFO main DriverManagerConnectionProviderImpl:configure:151 - HHH000401: using driver [org.h2.Driver] at URL [jdbc:h2:mem:tcp://localhost:9123/~/test]
2014-06-12 16:14:21,492  INFO main DriverManagerConnectionProviderImpl:configure:156 - HHH000046: Connection properties: {user=sa, password=****}
2014-06-12 16:14:21,539  INFO main Dialect:<init>:130 - HHH000400: Using dialect: org.hibernate.dialect.MySQLDialect
2014-06-12 16:14:21,757  INFO main TransactionFactoryInitiator:initiateService:68 - HHH000399: Using default transaction strategy (direct JDBC transactions)
2014-06-12 16:14:21,762  INFO main ASTQueryTranslatorFactory:<init>:48 - HHH000397: Using ASTQueryTranslatorFactory
2014-06-12 16:14:21,805  INFO main Version:<clinit>:27 - HV000001: Hibernate Validator 5.0.1.Final
2014-06-12 16:39:45,190  INFO main Version:<clinit>:37 - HCANN000001: Hibernate Commons Annotations {4.0.2.Final}
2014-06-12 16:39:45,197  INFO main Version:logVersion:41 - HHH000412: Hibernate Core {4.2.2.Final}
2014-06-12 16:39:45,199  INFO main Environment:<clinit>:239 - HHH000206: hibernate.properties not found
2014-06-12 16:39:45,200  INFO main Environment:buildBytecodeProvider:342 - HHH000021: Bytecode provider name : javassist
2014-06-12 16:39:45,219  INFO main Configuration:configure:1985 - HHH000043: Configuring from resource: /hibernate.cfg.xml
2014-06-12 16:39:45,219  INFO main Configuration:getConfigurationInputStream:2004 - HHH000040: Configuration resource: /hibernate.cfg.xml
2014-06-12 16:39:45,238  WARN main DTDEntityResolver:resolveEntity:74 - HHH000223: Recognized obsolete hibernate namespace http://hibernate.sourceforge.net/. Use namespace http://www.hibernate.org/dtd/ instead. Refer to Hibernate 3.6 Migration Guide!
2014-06-12 16:39:45,262  INFO main Configuration:doConfigure:2126 - HHH000041: Configured SessionFactory: null
2014-06-12 16:39:45,296  INFO main DriverManagerConnectionProviderImpl:configure:98 - HHH000402: Using Hibernate built-in connection pool (not for production use!)
2014-06-12 16:39:45,297  INFO main DriverManagerConnectionProviderImpl:configure:134 - HHH000115: Hibernate connection pool size: 20
2014-06-12 16:39:45,297  INFO main DriverManagerConnectionProviderImpl:configure:137 - HHH000006: Autocommit mode: false
2014-06-12 16:39:45,298  INFO main DriverManagerConnectionProviderImpl:configure:151 - HHH000401: using driver [org.h2.Driver] at URL [jdbc:h2:mem:tcp://localhost:9123/~/test]
2014-06-12 16:39:45,298  INFO main DriverManagerConnectionProviderImpl:configure:156 - HHH000046: Connection properties: {user=sa, password=****}
2014-06-12 16:39:45,345  INFO main Dialect:<init>:130 - HHH000400: Using dialect: org.hibernate.dialect.MySQLDialect
2014-06-12 16:39:45,558  INFO main TransactionFactoryInitiator:initiateService:68 - HHH000399: Using default transaction strategy (direct JDBC transactions)
2014-06-12 16:39:45,563  INFO main ASTQueryTranslatorFactory:<init>:48 - HHH000397: Using ASTQueryTranslatorFactory
2014-06-12 16:39:45,606  INFO main Version:<clinit>:27 - HV000001: Hibernate Validator 5.0.1.Final
